{"name": "test04", "status": "broken", "statusDetails": {"message": "selenium.common.exceptions.TimeoutException: Message: \nStacktrace:\nNoSuchElementError: An element could not be located on the page using the given search parameters.\n    at AndroidUiautomator2Driver.findElOrEls (C:\\Program Files\\Appium\\resources\\app\\node_modules\\appium\\node_modules\\appium-android-driver\\lib\\commands\\find.js:75:11)", "trace": "self = <script.test_tuhu.TestTuHu object at 0x00000238AC702AD0>\n\n    def test04(self):\n>       print(self.home_page.explicit_wait_xpath(\"//*[contains(@text,'不能为空')]\").text)\n\ntest_tuhu.py:23: \n_ _ _ _ _ _ _ _ _ _ _ _ _ _ _ _ _ _ _ _ _ _ _ _ _ _ _ _ _ _ _ _ _ _ _ _ _ _ _ _\n..\\common\\operation.py:31: in explicit_wait_xpath\n    until(lambda x: x.find_element(AppiumBy.XPATH, location)))\n_ _ _ _ _ _ _ _ _ _ _ _ _ _ _ _ _ _ _ _ _ _ _ _ _ _ _ _ _ _ _ _ _ _ _ _ _ _ _ _\n\nself = <selenium.webdriver.support.wait.WebDriverWait (session=\"9292aab3-c24e-493f-b002-4fb0a0ce7ca0\")>\nmethod = <function Operation.explicit_wait_xpath.<locals>.<lambda> at 0x00000238AA9809D0>\nmessage = ''\n\n    def until(self, method: Callable[[D], Union[Literal[False], T]], message: str = \"\") -> T:\n        \"\"\"Calls the method provided with the driver as an argument until the \\\n        return value does not evaluate to ``False``.\n    \n        :param method: callable(WebDriver)\n        :param message: optional message for :exc:`TimeoutException`\n        :returns: the result of the last call to `method`\n        :raises: :exc:`selenium.common.exceptions.TimeoutException` if timeout occurs\n        \"\"\"\n        screen = None\n        stacktrace = None\n    \n        end_time = time.monotonic() + self._timeout\n        while True:\n            try:\n                value = method(self._driver)\n                if value:\n                    return value\n            except self._ignored_exceptions as exc:\n                screen = getattr(exc, \"screen\", None)\n                stacktrace = getattr(exc, \"stacktrace\", None)\n            time.sleep(self._poll)\n            if time.monotonic() > end_time:\n                break\n>       raise TimeoutException(message, screen, stacktrace)\nE       selenium.common.exceptions.TimeoutException: Message: \nE       Stacktrace:\nE       NoSuchElementError: An element could not be located on the page using the given search parameters.\nE           at AndroidUiautomator2Driver.findElOrEls (C:\\Program Files\\Appium\\resources\\app\\node_modules\\appium\\node_modules\\appium-android-driver\\lib\\commands\\find.js:75:11)\n\nD:\\python3.10.4\\lib\\site-packages\\selenium\\webdriver\\support\\wait.py:105: TimeoutException"}, "start": 1715959641515, "stop": 1715959656778, "uuid": "56119815-b7fc-46b2-a068-e400bcfe35d5", "historyId": "8a927f8d4178201f3123ab3b1ebcd880", "testCaseId": "8a927f8d4178201f3123ab3b1ebcd880", "fullName": "script.test_tuhu.TestTuHu#test04", "labels": [{"name": "parentSuite", "value": "script"}, {"name": "suite", "value": "test_tuhu"}, {"name": "subSuite", "value": "TestTuHu"}, {"name": "host", "value": "wangtao"}, {"name": "thread", "value": "7032-MainThread"}, {"name": "framework", "value": "pytest"}, {"name": "language", "value": "cpython3"}, {"name": "package", "value": "script.test_tuhu"}]}