{"name": "test_enter_payment_success", "status": "broken", "statusDetails": {"message": "selenium.common.exceptions.NoSuchElementException: Message: An element could not be located on the page using the given search parameters.; For documentation on this error, please visit: https://www.selenium.dev/documentation/webdriver/troubleshooting/errors#no-such-element-exception\nStacktrace:\nNoSuchElementError: An element could not be located on the page using the given search parameters.\n    at AndroidUiautomator2Driver.findElOrEls (C:\\Program Files\\Appium\\resources\\app\\node_modules\\appium\\node_modules\\appium-android-driver\\lib\\commands\\find.js:75:11)", "trace": "self = <script.test_enter_payment_page.TestEnterPaymentPage object at 0x000001E14AFD6860>\n\n    def test_enter_payment_success(self):\n        self.home_page.search_product(\"李宁闪击9td\")\n        self.search_result_page.enter_goods_detail_page()\n        self.goods_detail_page.buy_goods()\n>       assert self.driver.find_element(AppiumBy.ID, \"com.jingdong.app.mall:id/c8r\").text == \"确认付款\"\n\ntest_enter_payment_page.py:22: \n_ _ _ _ _ _ _ _ _ _ _ _ _ _ _ _ _ _ _ _ _ _ _ _ _ _ _ _ _ _ _ _ _ _ _ _ _ _ _ _\nD:\\python3.10.4\\lib\\site-packages\\appium\\webdriver\\webdriver.py:409: in find_element\n    return self.execute(RemoteCommand.FIND_ELEMENT, {'using': by, 'value': value})['value']\nD:\\python3.10.4\\lib\\site-packages\\selenium\\webdriver\\remote\\webdriver.py:347: in execute\n    self.error_handler.check_response(response)\n_ _ _ _ _ _ _ _ _ _ _ _ _ _ _ _ _ _ _ _ _ _ _ _ _ _ _ _ _ _ _ _ _ _ _ _ _ _ _ _\n\nself = <appium.webdriver.errorhandler.MobileErrorHandler object at 0x000001E14AFD7700>\nresponse = {'status': 404, 'value': '{\"value\":{\"error\":\"no such element\",\"message\":\"An element could not be located on the page u...ces\\\\\\\\app\\\\\\\\node_modules\\\\\\\\appium\\\\\\\\node_modules\\\\\\\\appium-android-driver\\\\\\\\lib\\\\\\\\commands\\\\\\\\find.js:75:11)\"}}'}\n\n    def check_response(self, response: Dict[str, Any]) -> None:\n        \"\"\"\n        https://www.w3.org/TR/webdriver/#errors\n        \"\"\"\n        payload = response.get('value', '')\n        try:\n            payload_dict = json.loads(payload)\n        except (json.JSONDecodeError, TypeError):\n            return\n        if not isinstance(payload_dict, dict):\n            return\n        value = payload_dict.get('value')\n        if not isinstance(value, dict):\n            return\n        error = value.get('error')\n        if not error:\n            return\n    \n        message = value.get('message', error)\n        stacktrace = value.get('stacktrace', '')\n        # In theory, we should also be checking HTTP status codes.\n        # Java client, for example, prints a warning if the actual `error`\n        # value does not match to the response's HTTP status code.\n        exception_class: Type[sel_exceptions.WebDriverException] = ERROR_TO_EXC_MAPPING.get(\n            error, sel_exceptions.WebDriverException\n        )\n        if exception_class is sel_exceptions.WebDriverException and message:\n            if message == 'No such context found.':\n                exception_class = appium_exceptions.NoSuchContextException\n            elif message == 'That command could not be executed in the current context.':\n                exception_class = appium_exceptions.InvalidSwitchToTargetException\n    \n        if exception_class is sel_exceptions.UnexpectedAlertPresentException:\n            raise sel_exceptions.UnexpectedAlertPresentException(\n                msg=message,\n                stacktrace=format_stacktrace(stacktrace),\n                alert_text=value.get('data'),\n            )\n>       raise exception_class(msg=message, stacktrace=format_stacktrace(stacktrace))\nE       selenium.common.exceptions.NoSuchElementException: Message: An element could not be located on the page using the given search parameters.; For documentation on this error, please visit: https://www.selenium.dev/documentation/webdriver/troubleshooting/errors#no-such-element-exception\nE       Stacktrace:\nE       NoSuchElementError: An element could not be located on the page using the given search parameters.\nE           at AndroidUiautomator2Driver.findElOrEls (C:\\Program Files\\Appium\\resources\\app\\node_modules\\appium\\node_modules\\appium-android-driver\\lib\\commands\\find.js:75:11)\n\nD:\\python3.10.4\\lib\\site-packages\\appium\\webdriver\\errorhandler.py:122: NoSuchElementException"}, "start": 1716185943935, "stop": 1716185959076, "uuid": "157a22f5-23fa-47e6-9c8e-4d51b20751e6", "historyId": "9733dff4a259bb749d7403236705e42a", "testCaseId": "9733dff4a259bb749d7403236705e42a", "fullName": "script.test_enter_payment_page.TestEnterPaymentPage#test_enter_payment_success", "labels": [{"name": "parentSuite", "value": "script"}, {"name": "suite", "value": "test_enter_payment_page"}, {"name": "subSuite", "value": "TestEnterPaymentPage"}, {"name": "host", "value": "wangtao"}, {"name": "thread", "value": "3664-MainThread"}, {"name": "framework", "value": "pytest"}, {"name": "language", "value": "cpython3"}, {"name": "package", "value": "script.test_enter_payment_page"}]}