{"name": "test03", "status": "broken", "statusDetails": {"message": "selenium.common.exceptions.TimeoutException: Message: \nStacktrace:\nNoSuchElementError: An element could not be located on the page using the given search parameters.\n    at AndroidUiautomator2Driver.findElOrEls (C:\\Program Files\\Appium\\resources\\app\\node_modules\\appium\\node_modules\\appium-android-driver\\lib\\commands\\find.js:75:11)", "trace": "self = <script.tuhu.TestTuHu object at 0x0000020BE636E500>\n\n    def test03(self):\n>       print(self.operation.explicit_wait(\"//*[contains(@text,'不能为空')]\").text)\n\ntuhu.py:18: \n_ _ _ _ _ _ _ _ _ _ _ _ _ _ _ _ _ _ _ _ _ _ _ _ _ _ _ _ _ _ _ _ _ _ _ _ _ _ _ _\n..\\common\\operation.py:27: in explicit_wait\n    until(lambda x: x.find_element(AppiumBy.XPATH, location)))\n_ _ _ _ _ _ _ _ _ _ _ _ _ _ _ _ _ _ _ _ _ _ _ _ _ _ _ _ _ _ _ _ _ _ _ _ _ _ _ _\n\nself = <selenium.webdriver.support.wait.WebDriverWait (session=\"15c077a8-0a76-4d2a-8aa9-af9310993261\")>\nmethod = <function Operation.explicit_wait.<locals>.<lambda> at 0x0000020BE643E4D0>\nmessage = ''\n\n    def until(self, method: Callable[[D], Union[Literal[False], T]], message: str = \"\") -> T:\n        \"\"\"Calls the method provided with the driver as an argument until the \\\n        return value does not evaluate to ``False``.\n    \n        :param method: callable(WebDriver)\n        :param message: optional message for :exc:`TimeoutException`\n        :returns: the result of the last call to `method`\n        :raises: :exc:`selenium.common.exceptions.TimeoutException` if timeout occurs\n        \"\"\"\n        screen = None\n        stacktrace = None\n    \n        end_time = time.monotonic() + self._timeout\n        while True:\n            try:\n                value = method(self._driver)\n                if value:\n                    return value\n            except self._ignored_exceptions as exc:\n                screen = getattr(exc, \"screen\", None)\n                stacktrace = getattr(exc, \"stacktrace\", None)\n            time.sleep(self._poll)\n            if time.monotonic() > end_time:\n                break\n>       raise TimeoutException(message, screen, stacktrace)\nE       selenium.common.exceptions.TimeoutException: Message: \nE       Stacktrace:\nE       NoSuchElementError: An element could not be located on the page using the given search parameters.\nE           at AndroidUiautomator2Driver.findElOrEls (C:\\Program Files\\Appium\\resources\\app\\node_modules\\appium\\node_modules\\appium-android-driver\\lib\\commands\\find.js:75:11)\n\nD:\\python3.10.4\\lib\\site-packages\\selenium\\webdriver\\support\\wait.py:105: TimeoutException"}, "start": 1715938320223, "stop": 1715938333019, "uuid": "d9146f4a-b5e5-4e0e-9692-898e6401d912", "historyId": "19ab692d2c1e3349d5f1eba6f46594a0", "testCaseId": "19ab692d2c1e3349d5f1eba6f46594a0", "fullName": "script.tuhu.TestTuHu#test03", "labels": [{"name": "parentSuite", "value": "script"}, {"name": "suite", "value": "tuhu"}, {"name": "subSuite", "value": "TestTuHu"}, {"name": "host", "value": "wangtao"}, {"name": "thread", "value": "9324-MainThread"}, {"name": "framework", "value": "pytest"}, {"name": "language", "value": "cpython3"}, {"name": "package", "value": "script.tuhu"}]}